{"level":"info","message":"Date:Thu Jul 04 2024 10:39:58 GMT-0400 (Eastern Daylight Time) req-URL:/api-docs req-body:{}","service":"request-logging"}
{"level":"info","message":"Date:Thu Jul 04 2024 10:39:58 GMT-0400 (Eastern Daylight Time) req-URL:/api-docs/ req-body:{}","service":"request-logging"}
{"level":"info","message":"Date:Thu Jul 04 2024 10:39:58 GMT-0400 (Eastern Daylight Time) req-URL:/api-docs/swagger-ui.css req-body:{}","service":"request-logging"}
{"level":"info","message":"Date:Thu Jul 04 2024 10:39:58 GMT-0400 (Eastern Daylight Time) req-URL:/api-docs/swagger-ui-bundle.js req-body:{}","service":"request-logging"}
{"level":"info","message":"Date:Thu Jul 04 2024 10:39:58 GMT-0400 (Eastern Daylight Time) req-URL:/api-docs/swagger-ui-standalone-preset.js req-body:{}","service":"request-logging"}
{"level":"info","message":"Date:Thu Jul 04 2024 10:39:58 GMT-0400 (Eastern Daylight Time) req-URL:/api-docs/swagger-ui-init.js req-body:{}","service":"request-logging"}
{"level":"info","message":"Date:Thu Jul 04 2024 10:39:59 GMT-0400 (Eastern Daylight Time) req-URL:/api-docs/favicon-32x32.png req-body:{}","service":"request-logging"}
{"level":"info","message":"Date:Thu Jul 04 2024 10:50:21 GMT-0400 (Eastern Daylight Time) req-URL:/api-docs/ req-body:{}","service":"request-logging"}
{"level":"info","message":"Date:Thu Jul 04 2024 10:50:21 GMT-0400 (Eastern Daylight Time) req-URL:/api-docs/swagger-ui.css req-body:{}","service":"request-logging"}
{"level":"info","message":"Date:Thu Jul 04 2024 10:50:21 GMT-0400 (Eastern Daylight Time) req-URL:/api-docs/swagger-ui-bundle.js req-body:{}","service":"request-logging"}
{"level":"info","message":"Date:Thu Jul 04 2024 10:50:21 GMT-0400 (Eastern Daylight Time) req-URL:/api-docs/swagger-ui-standalone-preset.js req-body:{}","service":"request-logging"}
{"level":"info","message":"Date:Thu Jul 04 2024 10:50:21 GMT-0400 (Eastern Daylight Time) req-URL:/api-docs/swagger-ui-init.js req-body:{}","service":"request-logging"}
{"level":"info","message":"Date:Thu Jul 04 2024 10:50:22 GMT-0400 (Eastern Daylight Time) req-URL:/api-docs/favicon-32x32.png req-body:{}","service":"request-logging"}
{"level":"info","message":"Date:Thu Jul 04 2024 10:52:06 GMT-0400 (Eastern Daylight Time) req-URL:/api/posts/all req-body:{}","service":"request-logging"}
{"level":"info","message":"Date:Thu Jul 04 2024 10:53:40 GMT-0400 (Eastern Daylight Time) req-URL:/api/posts/all req-body:{}","service":"request-logging"}
{"level":"info","message":"Date:Thu Jul 04 2024 10:56:33 GMT-0400 (Eastern Daylight Time) req-URL:/api-docs/ req-body:{}","service":"request-logging"}
{"level":"info","message":"Date:Thu Jul 04 2024 10:56:33 GMT-0400 (Eastern Daylight Time) req-URL:/api-docs/swagger-ui.css req-body:{}","service":"request-logging"}
{"level":"info","message":"Date:Thu Jul 04 2024 10:56:33 GMT-0400 (Eastern Daylight Time) req-URL:/api-docs/swagger-ui-bundle.js req-body:{}","service":"request-logging"}
{"level":"info","message":"Date:Thu Jul 04 2024 10:56:33 GMT-0400 (Eastern Daylight Time) req-URL:/api-docs/swagger-ui-standalone-preset.js req-body:{}","service":"request-logging"}
{"level":"info","message":"Date:Thu Jul 04 2024 10:56:33 GMT-0400 (Eastern Daylight Time) req-URL:/api-docs/swagger-ui-init.js req-body:{}","service":"request-logging"}
{"level":"info","message":"Date:Thu Jul 04 2024 10:56:33 GMT-0400 (Eastern Daylight Time) req-URL:/api-docs/favicon-32x32.png req-body:{}","service":"request-logging"}
{"level":"info","message":"Date:Thu Jul 04 2024 10:57:36 GMT-0400 (Eastern Daylight Time) req-URL:/api/posts/all req-body:{}","service":"request-logging"}
